<?xml version="1.0" encoding="UTF-8"?>
<!-- Generated by org.testng.reporters.JUnitReportReporter -->
<testsuite skipped="0" hostname="AbhiBindu" name="TESTNG.DEMO.TestCase1" tests="2" failures="0" timestamp="13 Oct 2021 14:40:24 GMT" time="19.814" errors="0">
  <testcase name="TC_3" time="9.885" classname="TESTNG.DEMO.TestCase1"/>
  <testcase name="TC_2" time="9.929" classname="TESTNG.DEMO.TestCase1"/>
</testsuite> <!-- TESTNG.DEMO.TestCase1 -->
