<?xml version="1.0" encoding="UTF-8"?>
<!-- Generated by org.testng.reporters.JUnitReportReporter -->
<testsuite skipped="0" hostname="AbhiBindu" name="TESTNGDEMO.StockIT" tests="3" failures="0" timestamp="19 Oct 2021 03:10:36 GMT" time="33.386" errors="0">
  <testcase name="TC6_Verify_admin_is_able_to_access_StockItems_page" time="10.267" classname="TESTNGDEMO.StockIT"/>
  <testcase name="TC_7_stkad" time="12.242" classname="TESTNGDEMO.StockIT"/>
  <testcase name="TC_8_Seacrhsat" time="10.877" classname="TESTNGDEMO.StockIT"/>
</testsuite> <!-- TESTNGDEMO.StockIT -->
