<?xml version="1.0" encoding="UTF-8"?>
<!-- Generated by org.testng.reporters.JUnitReportReporter -->
<testsuite skipped="0" hostname="AbhiBindu" name="TESTNGDEMO.TestCase1" tests="2" failures="0" timestamp="18 Oct 2021 02:39:26 GMT" time="16.826" errors="0">
  <testcase name="TC_3" time="9.496" classname="TESTNGDEMO.TestCase1"/>
  <testcase name="TC_2" time="7.330" classname="TESTNGDEMO.TestCase1"/>
</testsuite> <!-- TESTNGDEMO.TestCase1 -->
