<?xml version="1.0" encoding="UTF-8"?>
<!-- Generated by org.testng.reporters.JUnitReportReporter -->
<testsuite skipped="0" hostname="AbhiBindu" name="Test.NewTest" tests="1" failures="0" timestamp="13 Oct 2021 04:02:30 GMT" time="0.007" errors="0">
  <testcase name="f" time="0.007" classname="Test.NewTest"/>
</testsuite> <!-- Test.NewTest -->
