<?xml version="1.0" encoding="UTF-8"?>
<!-- Generated by org.testng.reporters.JUnitReportReporter -->
<testsuite skipped="0" hostname="AbhiBindu" name="TESTNGDEMO.LOGInPG" tests="2" failures="0" timestamp="23 Oct 2021 06:36:38 GMT" time="23.810" errors="0">
  <testcase name="TC_3" time="12.208" classname="TESTNGDEMO.LOGInPG"/>
  <testcase name="TC_2" time="11.602" classname="TESTNGDEMO.LOGInPG"/>
</testsuite> <!-- TESTNGDEMO.LOGInPG -->
